<html>
<head>
<title>TestNG:  Moderation Cases</title>
<link href="../testng.css" rel="stylesheet" type="text/css" />
<link href="../my-testng.css" rel="stylesheet" type="text/css" />

<style type="text/css">
.log { display: none;} 
.stack-trace { display: none;} 
</style>
<script type="text/javascript">
<!--
function flip(e) {
  current = e.style.display;
  if (current == 'block') {
    e.style.display = 'none';
    return 0;
  }
  else {
    e.style.display = 'block';
    return 1;
  }
}

function toggleBox(szDivId, elem, msg1, msg2)
{
  var res = -1;  if (document.getElementById) {
    res = flip(document.getElementById(szDivId));
  }
  else if (document.all) {
    // this is the way old msie versions work
    res = flip(document.all[szDivId]);
  }
  if(elem) {
    if(res == 0) elem.innerHTML = msg1; else elem.innerHTML = msg2;
  }

}

function toggleAllBoxes() {
  if (document.getElementsByTagName) {
    d = document.getElementsByTagName('div');
    for (i = 0; i < d.length; i++) {
      if (d[i].className == 'log') {
        flip(d[i]);
      }
    }
  }
}

// -->
</script>

</head>
<body>
<h2 align='center'>Moderation Cases</h2><table border='1' align="center">
<tr>
<td>Tests passed/Failed/Skipped:</td><td>14/1/0</td>
</tr><tr>
<td>Started on:</td><td>Fri Nov 11 15:37:33 IST 2022</td>
</tr>
<tr><td>Total time:</td><td>94 seconds (94966 ms)</td>
</tr><tr>
<td>Included groups:</td><td></td>
</tr><tr>
<td>Excluded groups:</td><td></td>
</tr>
</table><p/>
<small><i>(Hover the method name to see the test class name)</i></small><p/>
<table width='100%' border='1' class='invocation-failed'>
<tr><td colspan='4' align='center'><b>FAILED TESTS</b></td></tr>
<tr><td><b>Test method</b></td>
<td width="30%"><b>Exception</b></td>
<td width="10%"><b>Time (seconds)</b></td>
<td><b>Instance</b></td>
</tr>
<tr>
<td title='com.pom.ModerationTestCases.TestModerationPage.ResultsShouldAlsoBeShownForUploadedAudio()'><b>ResultsShouldAlsoBeShownForUploadedAudio</b><br>Test class: com.pom.ModerationTestCases.TestModerationPage</td>
<td><div><pre>org.openqa.selenium.NoSuchElementException: no such element: Unable to locate element: {&quot;method&quot;:&quot;xpath&quot;,&quot;selector&quot;:&quot;//img[@alt = &apos;play/pause button&apos;]&quot;}
  (Session info: chrome=107.0.5304.88)
For documentation on this error, please visit: https://selenium.dev/exceptions/#no_such_element
Build info: version: &apos;4.1.1&apos;, revision: &apos;e8fcc2cecf&apos;
System info: host: &apos;LAPTOP-RR543PC9&apos;, ip: &apos;192.168.0.94&apos;, os.name: &apos;Windows 11&apos;, os.arch: &apos;amd64&apos;, os.version: &apos;10.0&apos;, java.version: &apos;17.0.2&apos;
Driver info: org.openqa.selenium.chrome.ChromeDriver
Command: [b97252636205f2df189d22156695f2bb, findElement {using=xpath, value=//img[@alt = &apos;play/pause button&apos;]}]
Capabilities {acceptInsecureCerts: false, browserName: chrome, browserVersion: 107.0.5304.88, chrome: {chromedriverVersion: 106.0.5249.61 (511755355844..., userDataDir: C:\Users\umesh\AppData\Loca...}, goog:chromeOptions: {debuggerAddress: localhost:63288}, javascriptEnabled: true, networkConnectionEnabled: false, pageLoadStrategy: normal, platform: WINDOWS, platformName: WINDOWS, proxy: Proxy(), se:cdp: ws://localhost:63288/devtoo..., se:cdpVersion: 107.0.5304.88, setWindowRect: true, strictFileInteractability: false, timeouts: {implicit: 0, pageLoad: 300000, script: 30000}, unhandledPromptBehavior: dismiss and notify, webauthn:extension:credBlob: true, webauthn:extension:largeBlob: true, webauthn:virtualAuthenticators: true}
Session ID: b97252636205f2df189d22156695f2bb
	at org.openqa.selenium.remote.codec.w3c.W3CHttpResponseCodec.createException(W3CHttpResponseCodec.java:200)
	at org.openqa.selenium.remote.codec.w3c.W3CHttpResponseCodec.decode(W3CHttpResponseCodec.java:133)
	at org.openqa.selenium.remote.codec.w3c.W3CHttpResponseCodec.decode(W3CHttpResponseCodec.java:53)
	at org.openqa.selenium.remote.HttpCommandExecutor.execute(HttpCommandExecutor.java:184)
	at org.openqa.selenium.remote.service.DriverCommandExecutor.invokeExecute(DriverCommandExecutor.java:167)
	at org.openqa.selenium.remote.service.DriverCommandExecutor.execute(DriverCommandExecutor.java:142)
	at org.openqa.selenium.remote.RemoteWebDriver.execute(RemoteWebDriver.java:543)
	at org.openqa.selenium.remote.ElementLocation$ElementFinder$2.findElement(ElementLocation.java:162)
	at org.openqa.selenium.remote.ElementLocation.findElement(ElementLocation.java:60)
	at org.openqa.selenium.remote.RemoteWebDriver.findElement(RemoteWebDriver.java:367)
	at org.openqa.selenium.remote.RemoteWebDriver.findElement(RemoteWebDriver.java:359)
	at com.pom.pages.AudioModerationPage.playUploadedAudio(AudioModerationPage.java:68)
	at com.pom.ModerationTestCases.TestModerationPage.ResultsShouldAlsoBeShownForUploadedAudio(TestModerationPage.java:113)
	at java.base/java.util.ArrayList.forEach(ArrayList.java:1511)
... Removed 32 stack frames</pre></div><a href='#' onClick='toggleBox("stack-trace345893819", this, "Click to show all stack frames", "Click to hide stack frames")'>Click to show all stack frames</a>
<div class='stack-trace' id='stack-trace345893819'><pre>org.openqa.selenium.NoSuchElementException: no such element: Unable to locate element: {&quot;method&quot;:&quot;xpath&quot;,&quot;selector&quot;:&quot;//img[@alt = &apos;play/pause button&apos;]&quot;}
  (Session info: chrome=107.0.5304.88)
For documentation on this error, please visit: https://selenium.dev/exceptions/#no_such_element
Build info: version: &apos;4.1.1&apos;, revision: &apos;e8fcc2cecf&apos;
System info: host: &apos;LAPTOP-RR543PC9&apos;, ip: &apos;192.168.0.94&apos;, os.name: &apos;Windows 11&apos;, os.arch: &apos;amd64&apos;, os.version: &apos;10.0&apos;, java.version: &apos;17.0.2&apos;
Driver info: org.openqa.selenium.chrome.ChromeDriver
Command: [b97252636205f2df189d22156695f2bb, findElement {using=xpath, value=//img[@alt = &apos;play/pause button&apos;]}]
Capabilities {acceptInsecureCerts: false, browserName: chrome, browserVersion: 107.0.5304.88, chrome: {chromedriverVersion: 106.0.5249.61 (511755355844..., userDataDir: C:\Users\umesh\AppData\Loca...}, goog:chromeOptions: {debuggerAddress: localhost:63288}, javascriptEnabled: true, networkConnectionEnabled: false, pageLoadStrategy: normal, platform: WINDOWS, platformName: WINDOWS, proxy: Proxy(), se:cdp: ws://localhost:63288/devtoo..., se:cdpVersion: 107.0.5304.88, setWindowRect: true, strictFileInteractability: false, timeouts: {implicit: 0, pageLoad: 300000, script: 30000}, unhandledPromptBehavior: dismiss and notify, webauthn:extension:credBlob: true, webauthn:extension:largeBlob: true, webauthn:virtualAuthenticators: true}
Session ID: b97252636205f2df189d22156695f2bb
	at java.base/jdk.internal.reflect.NativeConstructorAccessorImpl.newInstance0(Native Method)
	at java.base/jdk.internal.reflect.NativeConstructorAccessorImpl.newInstance(NativeConstructorAccessorImpl.java:77)
	at java.base/jdk.internal.reflect.DelegatingConstructorAccessorImpl.newInstance(DelegatingConstructorAccessorImpl.java:45)
	at java.base/java.lang.reflect.Constructor.newInstanceWithCaller(Constructor.java:499)
	at java.base/java.lang.reflect.Constructor.newInstance(Constructor.java:480)
	at org.openqa.selenium.remote.codec.w3c.W3CHttpResponseCodec.createException(W3CHttpResponseCodec.java:200)
	at org.openqa.selenium.remote.codec.w3c.W3CHttpResponseCodec.decode(W3CHttpResponseCodec.java:133)
	at org.openqa.selenium.remote.codec.w3c.W3CHttpResponseCodec.decode(W3CHttpResponseCodec.java:53)
	at org.openqa.selenium.remote.HttpCommandExecutor.execute(HttpCommandExecutor.java:184)
	at org.openqa.selenium.remote.service.DriverCommandExecutor.invokeExecute(DriverCommandExecutor.java:167)
	at org.openqa.selenium.remote.service.DriverCommandExecutor.execute(DriverCommandExecutor.java:142)
	at org.openqa.selenium.remote.RemoteWebDriver.execute(RemoteWebDriver.java:543)
	at org.openqa.selenium.remote.ElementLocation$ElementFinder$2.findElement(ElementLocation.java:162)
	at org.openqa.selenium.remote.ElementLocation.findElement(ElementLocation.java:60)
	at org.openqa.selenium.remote.RemoteWebDriver.findElement(RemoteWebDriver.java:367)
	at org.openqa.selenium.remote.RemoteWebDriver.findElement(RemoteWebDriver.java:359)
	at com.pom.pages.AudioModerationPage.playUploadedAudio(AudioModerationPage.java:68)
	at com.pom.ModerationTestCases.TestModerationPage.ResultsShouldAlsoBeShownForUploadedAudio(TestModerationPage.java:113)
	at java.base/jdk.internal.reflect.NativeMethodAccessorImpl.invoke0(Native Method)
	at java.base/jdk.internal.reflect.NativeMethodAccessorImpl.invoke(NativeMethodAccessorImpl.java:77)
	at java.base/jdk.internal.reflect.DelegatingMethodAccessorImpl.invoke(DelegatingMethodAccessorImpl.java:43)
	at java.base/java.lang.reflect.Method.invoke(Method.java:568)
	at org.testng.internal.MethodInvocationHelper.invokeMethod(MethodInvocationHelper.java:133)
	at org.testng.internal.TestInvoker.invokeMethod(TestInvoker.java:598)
	at org.testng.internal.TestInvoker.invokeTestMethod(TestInvoker.java:173)
	at org.testng.internal.MethodRunner.runInSequence(MethodRunner.java:46)
	at org.testng.internal.TestInvoker$MethodInvocationAgent.invoke(TestInvoker.java:824)
	at org.testng.internal.TestInvoker.invokeTestMethods(TestInvoker.java:146)
	at org.testng.internal.TestMethodWorker.invokeTestMethods(TestMethodWorker.java:146)
	at org.testng.internal.TestMethodWorker.run(TestMethodWorker.java:128)
	at java.base/java.util.ArrayList.forEach(ArrayList.java:1511)
	at org.testng.TestRunner.privateRun(TestRunner.java:794)
	at org.testng.TestRunner.run(TestRunner.java:596)
	at org.testng.SuiteRunner.runTest(SuiteRunner.java:377)
	at org.testng.SuiteRunner.runSequentially(SuiteRunner.java:371)
	at org.testng.SuiteRunner.privateRun(SuiteRunner.java:332)
	at org.testng.SuiteRunner.run(SuiteRunner.java:276)
	at org.testng.SuiteRunnerWorker.runSuite(SuiteRunnerWorker.java:53)
	at org.testng.SuiteRunnerWorker.run(SuiteRunnerWorker.java:96)
	at org.testng.TestNG.runSuitesSequentially(TestNG.java:1212)
	at org.testng.TestNG.runSuitesLocally(TestNG.java:1134)
	at org.testng.TestNG.runSuites(TestNG.java:1063)
	at org.testng.TestNG.run(TestNG.java:1031)
	at org.testng.remote.AbstractRemoteTestNG.run(AbstractRemoteTestNG.java:115)
	at org.testng.remote.RemoteTestNG.initAndRun(RemoteTestNG.java:251)
	at org.testng.remote.RemoteTestNG.main(RemoteTestNG.java:77)
</pre></div></td>
<td>20</td>
<td>com.pom.ModerationTestCases.TestModerationPage@942a29c</td></tr>
</table><p>
<table width='100%' border='1' class='invocation-passed'>
<tr><td colspan='4' align='center'><b>PASSED TESTS</b></td></tr>
<tr><td><b>Test method</b></td>
<td width="30%"><b>Exception</b></td>
<td width="10%"><b>Time (seconds)</b></td>
<td><b>Instance</b></td>
</tr>
<tr>
<td title='com.pom.ModerationTestCases.TestModerationPage.verifyResultInTextImage()'><b>verifyResultInTextImage</b><br>Test class: com.pom.ModerationTestCases.TestModerationPage</td>
<td></td>
<td>2</td>
<td>com.pom.ModerationTestCases.TestModerationPage@942a29c</td></tr>
<tr>
<td title='com.pom.ModerationTestCases.TestModerationPage.verifyDemoAudios()'><b>verifyDemoAudios</b><br>Test class: com.pom.ModerationTestCases.TestModerationPage</td>
<td></td>
<td>4</td>
<td>com.pom.ModerationTestCases.TestModerationPage@942a29c</td></tr>
<tr>
<td title='com.pom.ModerationTestCases.TestModerationPage.typeTextInTextDemoSection()'><b>typeTextInTextDemoSection</b><br>Test class: com.pom.ModerationTestCases.TestModerationPage</td>
<td></td>
<td>5</td>
<td>com.pom.ModerationTestCases.TestModerationPage@942a29c</td></tr>
<tr>
<td title='com.pom.ModerationTestCases.TestModerationPage.uploadMediaFilesToVisualDemoSection()'><b>uploadMediaFilesToVisualDemoSection</b><br>Test class: com.pom.ModerationTestCases.TestModerationPage</td>
<td></td>
<td>15</td>
<td>com.pom.ModerationTestCases.TestModerationPage@942a29c</td></tr>
<tr>
<td title='com.pom.ModerationTestCases.TestModerationPage.ClickTryOurDemoInText()'><b>ClickTryOurDemoInText</b><br>Test class: com.pom.ModerationTestCases.TestModerationPage</td>
<td></td>
<td>3</td>
<td>com.pom.ModerationTestCases.TestModerationPage@942a29c</td></tr>
<tr>
<td title='com.pom.ModerationTestCases.TestModerationPage.ClickTryOurDemo()'><b>ClickTryOurDemo</b><br>Test class: com.pom.ModerationTestCases.TestModerationPage</td>
<td></td>
<td>0</td>
<td>com.pom.ModerationTestCases.TestModerationPage@942a29c</td></tr>
<tr>
<td title='com.pom.ModerationTestCases.TestModerationPage.UploadMultipleAudioInAudioModeration()'><b>UploadMultipleAudioInAudioModeration</b><br>Test class: com.pom.ModerationTestCases.TestModerationPage</td>
<td></td>
<td>1</td>
<td>com.pom.ModerationTestCases.TestModerationPage@942a29c</td></tr>
<tr>
<td title='com.pom.ModerationTestCases.TestModerationPage.DownloadJson()'><b>DownloadJson</b><br>Test class: com.pom.ModerationTestCases.TestModerationPage</td>
<td></td>
<td>0</td>
<td>com.pom.ModerationTestCases.TestModerationPage@942a29c</td></tr>
<tr>
<td title='com.pom.ModerationTestCases.TestModerationPage.VerifyVisualHomepageBanner()'><b>VerifyVisualHomepageBanner</b><br>Test class: com.pom.ModerationTestCases.TestModerationPage</td>
<td></td>
<td>2</td>
<td>com.pom.ModerationTestCases.TestModerationPage@942a29c</td></tr>
<tr>
<td title='com.pom.ModerationTestCases.TestModerationPage.VerifyTextHomepageBanner()'><b>VerifyTextHomepageBanner</b><br>Test class: com.pom.ModerationTestCases.TestModerationPage</td>
<td></td>
<td>4</td>
<td>com.pom.ModerationTestCases.TestModerationPage@942a29c</td></tr>
<tr>
<td title='com.pom.ModerationTestCases.TestModerationPage.verifyAudioHomepageBanner()'><b>verifyAudioHomepageBanner</b><br>Test class: com.pom.ModerationTestCases.TestModerationPage</td>
<td></td>
<td>22</td>
<td>com.pom.ModerationTestCases.TestModerationPage@942a29c</td></tr>
<tr>
<td title='com.pom.ModerationTestCases.TestModerationPage.verifyDemoImageInTextImage()'><b>verifyDemoImageInTextImage</b><br>Test class: com.pom.ModerationTestCases.TestModerationPage</td>
<td></td>
<td>3</td>
<td>com.pom.ModerationTestCases.TestModerationPage@942a29c</td></tr>
<tr>
<td title='com.pom.ModerationTestCases.TestModerationPage.selectedAudioResultInAudioModeration()'><b>selectedAudioResultInAudioModeration</b><br>Test class: com.pom.ModerationTestCases.TestModerationPage</td>
<td></td>
<td>1</td>
<td>com.pom.ModerationTestCases.TestModerationPage@942a29c</td></tr>
<tr>
<td title='com.pom.ModerationTestCases.TestModerationPage.VerifyUploadImageInTextImage()'><b>VerifyUploadImageInTextImage</b><br>Test class: com.pom.ModerationTestCases.TestModerationPage</td>
<td></td>
<td>7</td>
<td>com.pom.ModerationTestCases.TestModerationPage@942a29c</td></tr>
</table><p>
</body>
</html>