<?xml version="1.0" encoding="UTF-8"?>
<!-- Generated by org.testng.reporters.JUnitXMLReporter -->
<testsuite ignored="0" hostname="LAPTOP-RR543PC9" failures="1" tests="15" name="Moderation Cases" time="94.966" errors="0" timestamp="2022-11-11T15:39:08 IST">
  <testcase classname="com.pom.ModerationTestCases.TestModerationPage" name="verifyAudioHomepageBanner" time="22.17"/>
  <testcase classname="com.pom.ModerationTestCases.TestModerationPage" name="verifyDemoAudios" time="4.517"/>
  <testcase classname="com.pom.ModerationTestCases.TestModerationPage" name="selectedAudioResultInAudioModeration" time="1.034"/>
  <testcase classname="com.pom.ModerationTestCases.TestModerationPage" name="UploadMultipleAudioInAudioModeration" time="1.134"/>
  <testcase classname="com.pom.ModerationTestCases.TestModerationPage" name="ResultsShouldAlsoBeShownForUploadedAudio" time="20.072">
    <failure type="org.openqa.selenium.NoSuchElementException" message="no such element: Unable to locate element: {&amp;quot;method&amp;quot;:&amp;quot;xpath&amp;quot;,&amp;quot;selector&amp;quot;:&amp;quot;//img[@alt = &amp;apos;play/pause button&amp;apos;]&amp;quot;}
  (Session info: chrome=107.0.5304.88)
For documentation on this error, please visit: https://selenium.dev/exceptions/#no_such_element
Build info: version: &amp;apos;4.1.1&amp;apos;, revision: &amp;apos;e8fcc2cecf&amp;apos;
System info: host: &amp;apos;LAPTOP-RR543PC9&amp;apos;, ip: &amp;apos;192.168.0.94&amp;apos;, os.name: &amp;apos;Windows 11&amp;apos;, os.arch: &amp;apos;amd64&amp;apos;, os.version: &amp;apos;10.0&amp;apos;, java.version: &amp;apos;17.0.2&amp;apos;
Driver info: org.openqa.selenium.chrome.ChromeDriver
Command: [b97252636205f2df189d22156695f2bb, findElement {using=xpath, value=//img[@alt = &amp;apos;play/pause button&amp;apos;]}]
Capabilities {acceptInsecureCerts: false, browserName: chrome, browserVersion: 107.0.5304.88, chrome: {chromedriverVersion: 106.0.5249.61 (511755355844..., userDataDir: C:\Users\umesh\AppData\Loca...}, goog:chromeOptions: {debuggerAddress: localhost:63288}, javascriptEnabled: true, networkConnectionEnabled: false, pageLoadStrategy: normal, platform: WINDOWS, platformName: WINDOWS, proxy: Proxy(), se:cdp: ws://localhost:63288/devtoo..., se:cdpVersion: 107.0.5304.88, setWindowRect: true, strictFileInteractability: false, timeouts: {implicit: 0, pageLoad: 300000, script: 30000}, unhandledPromptBehavior: dismiss and notify, webauthn:extension:credBlob: true, webauthn:extension:largeBlob: true, webauthn:virtualAuthenticators: true}
Session ID: b97252636205f2df189d22156695f2bb">
      <![CDATA[org.openqa.selenium.NoSuchElementException: no such element: Unable to locate element: {"method":"xpath","selector":"//img[@alt = 'play/pause button']"}
  (Session info: chrome=107.0.5304.88)
For documentation on this error, please visit: https://selenium.dev/exceptions/#no_such_element
Build info: version: '4.1.1', revision: 'e8fcc2cecf'
System info: host: 'LAPTOP-RR543PC9', ip: '192.168.0.94', os.name: 'Windows 11', os.arch: 'amd64', os.version: '10.0', java.version: '17.0.2'
Driver info: org.openqa.selenium.chrome.ChromeDriver
Command: [b97252636205f2df189d22156695f2bb, findElement {using=xpath, value=//img[@alt = 'play/pause button']}]
Capabilities {acceptInsecureCerts: false, browserName: chrome, browserVersion: 107.0.5304.88, chrome: {chromedriverVersion: 106.0.5249.61 (511755355844..., userDataDir: C:\Users\umesh\AppData\Loca...}, goog:chromeOptions: {debuggerAddress: localhost:63288}, javascriptEnabled: true, networkConnectionEnabled: false, pageLoadStrategy: normal, platform: WINDOWS, platformName: WINDOWS, proxy: Proxy(), se:cdp: ws://localhost:63288/devtoo..., se:cdpVersion: 107.0.5304.88, setWindowRect: true, strictFileInteractability: false, timeouts: {implicit: 0, pageLoad: 300000, script: 30000}, unhandledPromptBehavior: dismiss and notify, webauthn:extension:credBlob: true, webauthn:extension:largeBlob: true, webauthn:virtualAuthenticators: true}
Session ID: b97252636205f2df189d22156695f2bb
at org.openqa.selenium.remote.codec.w3c.W3CHttpResponseCodec.createException(W3CHttpResponseCodec.java:200)
at org.openqa.selenium.remote.codec.w3c.W3CHttpResponseCodec.decode(W3CHttpResponseCodec.java:133)
at org.openqa.selenium.remote.codec.w3c.W3CHttpResponseCodec.decode(W3CHttpResponseCodec.java:53)
at org.openqa.selenium.remote.HttpCommandExecutor.execute(HttpCommandExecutor.java:184)
at org.openqa.selenium.remote.service.DriverCommandExecutor.invokeExecute(DriverCommandExecutor.java:167)
at org.openqa.selenium.remote.service.DriverCommandExecutor.execute(DriverCommandExecutor.java:142)
at org.openqa.selenium.remote.RemoteWebDriver.execute(RemoteWebDriver.java:543)
at org.openqa.selenium.remote.ElementLocation$ElementFinder$2.findElement(ElementLocation.java:162)
at org.openqa.selenium.remote.ElementLocation.findElement(ElementLocation.java:60)
at org.openqa.selenium.remote.RemoteWebDriver.findElement(RemoteWebDriver.java:367)
at org.openqa.selenium.remote.RemoteWebDriver.findElement(RemoteWebDriver.java:359)
at com.pom.pages.AudioModerationPage.playUploadedAudio(AudioModerationPage.java:68)
at com.pom.ModerationTestCases.TestModerationPage.ResultsShouldAlsoBeShownForUploadedAudio(TestModerationPage.java:113)
at java.base/java.util.ArrayList.forEach(ArrayList.java:1511)
... Removed 32 stack frames]]>
    </failure>
  </testcase> <!-- ResultsShouldAlsoBeShownForUploadedAudio -->
  <testcase classname="com.pom.ModerationTestCases.TestModerationPage" name="DownloadJson" time="0.054"/>
  <testcase classname="com.pom.ModerationTestCases.TestModerationPage" name="VerifyVisualHomepageBanner" time="2.815"/>
  <testcase classname="com.pom.ModerationTestCases.TestModerationPage" name="ClickTryOurDemo" time="0.62"/>
  <testcase classname="com.pom.ModerationTestCases.TestModerationPage" name="uploadMediaFilesToVisualDemoSection" time="15.225"/>
  <testcase classname="com.pom.ModerationTestCases.TestModerationPage" name="VerifyTextHomepageBanner" time="4.683"/>
  <testcase classname="com.pom.ModerationTestCases.TestModerationPage" name="ClickTryOurDemoInText" time="3.05"/>
  <testcase classname="com.pom.ModerationTestCases.TestModerationPage" name="typeTextInTextDemoSection" time="5.173"/>
  <testcase classname="com.pom.ModerationTestCases.TestModerationPage" name="verifyDemoImageInTextImage" time="3.715"/>
  <testcase classname="com.pom.ModerationTestCases.TestModerationPage" name="VerifyUploadImageInTextImage" time="7.223"/>
  <testcase classname="com.pom.ModerationTestCases.TestModerationPage" name="verifyResultInTextImage" time="2.99"/>
</testsuite> <!-- Moderation Cases -->
