<?xml version="1.0" encoding="UTF-8"?>
<!-- Generated by org.testng.reporters.JUnitReportReporter -->
<testsuite hostname="UJ" failures="0" tests="11" name="com.pom.ArbiterTestCases.chatousSanity" time="23.664" errors="1" timestamp="2023-08-16T10:26:30 IST" skipped="10">
  <testcase classname="com.pom.ArbiterTestCases.chatousSanity" name="methodLevelSetup" time="23.662">
    <error message="no such element: Unable to locate element: {&quot;method&quot;:&quot;xpath&quot;,&quot;selector&quot;:&quot;//input[@id=&#039;username&#039;]&quot;}
  (Session info: chrome=115.0.5790.171)
For documentation on this error, please visit: https://selenium.dev/exceptions/#no_such_element
Build info: version: &#039;4.1.1&#039;, revision: &#039;e8fcc2cecf&#039;
System info: host: &#039;UJ&#039;, ip: &#039;192.168.0.114&#039;, os.name: &#039;Windows 11&#039;, os.arch: &#039;amd64&#039;, os.version: &#039;10.0&#039;, java.version: &#039;20.0.1&#039;
Driver info: org.openqa.selenium.chrome.ChromeDriver
Command: [d27ba5cfd8869e90e3613480b5242ed1, findElement {using=xpath, value=//input[@id=&#039;username&#039;]}]
Capabilities {acceptInsecureCerts: false, browserName: chrome, browserVersion: 115.0.5790.171, chrome: {chromedriverVersion: 115.0.5790.170 (cc0d30c2ca5..., userDataDir: C:\Users\UMESHJ~1\AppData\L...}, goog:chromeOptions: {debuggerAddress: localhost:61394}, javascriptEnabled: true, networkConnectionEnabled: false, pageLoadStrategy: normal, platform: WINDOWS, platformName: WINDOWS, proxy: Proxy(), se:cdp: ws://localhost:61394/devtoo..., se:cdpVersion: 115.0.5790.171, setWindowRect: true, strictFileInteractability: false, timeouts: {implicit: 0, pageLoad: 300000, script: 30000}, unhandledPromptBehavior: dismiss and notify, webauthn:extension:credBlob: true, webauthn:extension:largeBlob: true, webauthn:extension:minPinLength: true, webauthn:extension:prf: true, webauthn:virtualAuthenticators: true}
Session ID: d27ba5cfd8869e90e3613480b5242ed1" type="org.openqa.selenium.NoSuchElementException">
      <![CDATA[org.openqa.selenium.NoSuchElementException: no such element: Unable to locate element: {"method":"xpath","selector":"//input[@id='username']"}
  (Session info: chrome=115.0.5790.171)
For documentation on this error, please visit: https://selenium.dev/exceptions/#no_such_element
Build info: version: '4.1.1', revision: 'e8fcc2cecf'
System info: host: 'UJ', ip: '192.168.0.114', os.name: 'Windows 11', os.arch: 'amd64', os.version: '10.0', java.version: '20.0.1'
Driver info: org.openqa.selenium.chrome.ChromeDriver
Command: [d27ba5cfd8869e90e3613480b5242ed1, findElement {using=xpath, value=//input[@id='username']}]
Capabilities {acceptInsecureCerts: false, browserName: chrome, browserVersion: 115.0.5790.171, chrome: {chromedriverVersion: 115.0.5790.170 (cc0d30c2ca5..., userDataDir: C:\Users\UMESHJ~1\AppData\L...}, goog:chromeOptions: {debuggerAddress: localhost:61394}, javascriptEnabled: true, networkConnectionEnabled: false, pageLoadStrategy: normal, platform: WINDOWS, platformName: WINDOWS, proxy: Proxy(), se:cdp: ws://localhost:61394/devtoo..., se:cdpVersion: 115.0.5790.171, setWindowRect: true, strictFileInteractability: false, timeouts: {implicit: 0, pageLoad: 300000, script: 30000}, unhandledPromptBehavior: dismiss and notify, webauthn:extension:credBlob: true, webauthn:extension:largeBlob: true, webauthn:extension:minPinLength: true, webauthn:extension:prf: true, webauthn:virtualAuthenticators: true}
Session ID: d27ba5cfd8869e90e3613480b5242ed1
at java.base/jdk.internal.reflect.DirectConstructorHandleAccessor.newInstance(DirectConstructorHandleAccessor.java:67)
at java.base/java.lang.reflect.Constructor.newInstanceWithCaller(Constructor.java:500)
at java.base/java.lang.reflect.Constructor.newInstance(Constructor.java:484)
at org.openqa.selenium.remote.codec.w3c.W3CHttpResponseCodec.createException(W3CHttpResponseCodec.java:200)
at org.openqa.selenium.remote.codec.w3c.W3CHttpResponseCodec.decode(W3CHttpResponseCodec.java:133)
at org.openqa.selenium.remote.codec.w3c.W3CHttpResponseCodec.decode(W3CHttpResponseCodec.java:53)
at org.openqa.selenium.remote.HttpCommandExecutor.execute(HttpCommandExecutor.java:184)
at org.openqa.selenium.remote.service.DriverCommandExecutor.invokeExecute(DriverCommandExecutor.java:167)
at org.openqa.selenium.remote.service.DriverCommandExecutor.execute(DriverCommandExecutor.java:142)
at org.openqa.selenium.remote.RemoteWebDriver.execute(RemoteWebDriver.java:543)
at org.openqa.selenium.remote.ElementLocation$ElementFinder$2.findElement(ElementLocation.java:162)
at org.openqa.selenium.remote.ElementLocation.findElement(ElementLocation.java:60)
at org.openqa.selenium.remote.RemoteWebDriver.findElement(RemoteWebDriver.java:367)
at org.openqa.selenium.remote.RemoteWebDriver.findElement(RemoteWebDriver.java:359)
at com.pom.postman.workspace.signInPostman(workspace.java:30)
at com.pom.ArbiterTestCases.BaseTest.methodLevelSetup(BaseTest.java:63)
at java.base/jdk.internal.reflect.DirectMethodHandleAccessor.invoke(DirectMethodHandleAccessor.java:104)
at java.base/java.lang.reflect.Method.invoke(Method.java:578)
at org.testng.internal.invokers.MethodInvocationHelper.invokeMethod(MethodInvocationHelper.java:139)
at org.testng.internal.invokers.MethodInvocationHelper.invokeMethodConsideringTimeout(MethodInvocationHelper.java:69)
at org.testng.internal.invokers.ConfigInvoker.invokeConfigurationMethod(ConfigInvoker.java:390)
at org.testng.internal.invokers.ConfigInvoker.invokeConfigurations(ConfigInvoker.java:325)
at org.testng.TestRunner.invokeTestConfigurations(TestRunner.java:663)
at org.testng.TestRunner.beforeRun(TestRunner.java:652)
at org.testng.TestRunner.run(TestRunner.java:614)
at org.testng.SuiteRunner.runTest(SuiteRunner.java:443)
at org.testng.SuiteRunner.runSequentially(SuiteRunner.java:437)
at org.testng.SuiteRunner.privateRun(SuiteRunner.java:397)
at org.testng.SuiteRunner.run(SuiteRunner.java:336)
at org.testng.SuiteRunnerWorker.runSuite(SuiteRunnerWorker.java:52)
at org.testng.SuiteRunnerWorker.run(SuiteRunnerWorker.java:95)
at org.testng.TestNG.runSuitesSequentially(TestNG.java:1280)
at org.testng.TestNG.runSuitesLocally(TestNG.java:1200)
at org.testng.TestNG.runSuites(TestNG.java:1114)
at org.testng.TestNG.run(TestNG.java:1082)
at org.testng.remote.AbstractRemoteTestNG.run(AbstractRemoteTestNG.java:115)
at org.testng.remote.RemoteTestNG.initAndRun(RemoteTestNG.java:251)
at org.testng.remote.RemoteTestNG.main(RemoteTestNG.java:77)
]]>
    </error>
  </testcase> <!-- methodLevelSetup -->
  <testcase classname="com.pom.ArbiterTestCases.chatousSanity" name="verifyContentRedirections" time="0.000">
    <skipped/>
  </testcase> <!-- verifyContentRedirections -->
  <testcase classname="com.pom.ArbiterTestCases.chatousSanity" name="verifyAnalyticsRedirections" time="0.000">
    <skipped/>
  </testcase> <!-- verifyAnalyticsRedirections -->
  <testcase classname="com.pom.ArbiterTestCases.chatousSanity" name="verifyModerationlogRedirections" time="0.000">
    <skipped/>
  </testcase> <!-- verifyModerationlogRedirections -->
  <testcase classname="com.pom.ArbiterTestCases.chatousSanity" name="verifyUserPageRedirections" time="0.000">
    <skipped/>
  </testcase> <!-- verifyUserPageRedirections -->
  <testcase classname="com.pom.ArbiterTestCases.chatousSanity" name="verifyThresholdPageRedirections" time="0.000">
    <skipped/>
  </testcase> <!-- verifyThresholdPageRedirections -->
  <testcase classname="com.pom.ArbiterTestCases.chatousSanity" name="verifyActionPageRedirections" time="0.000">
    <skipped/>
  </testcase> <!-- verifyActionPageRedirections -->
  <testcase classname="com.pom.ArbiterTestCases.chatousSanity" name="verifyRulesPageRedirections" time="0.000">
    <skipped/>
  </testcase> <!-- verifyRulesPageRedirections -->
  <testcase classname="com.pom.ArbiterTestCases.chatousSanity" name="verifyReviewFeedPageRedirections" time="0.000">
    <skipped/>
  </testcase> <!-- verifyReviewFeedPageRedirections -->
  <testcase classname="com.pom.ArbiterTestCases.chatousSanity" name="verifyGuidelinePageRedirections" time="0.001">
    <skipped/>
  </testcase> <!-- verifyGuidelinePageRedirections -->
  <testcase classname="com.pom.ArbiterTestCases.chatousSanity" name="verifySpammanagerPageRedirections" time="0.001">
    <skipped/>
  </testcase> <!-- verifySpammanagerPageRedirections -->
</testsuite> <!-- com.pom.ArbiterTestCases.chatousSanity -->
