<?xml version="1.0" encoding="UTF-8"?>
<!-- Generated by org.testng.reporters.JUnitXMLReporter -->
<testsuite ignored="0" hostname="UJ" failures="0" tests="9" name="Arbiter Cases" time="5.463" errors="0" timestamp="2023-07-26T11:13:01 IST">
  <testcase classname="com.pom.ArbiterTestCases.BaseTest" name="@BeforeTest methodLevelSetup" time="5.365">
    <failure type="org.openqa.selenium.NoSuchWindowException" message="no such window: target window already closed
from unknown error: web view not found
  (Session info: chrome=114.0.5735.199)
Build info: version: &amp;apos;4.1.1&amp;apos;, revision: &amp;apos;e8fcc2cecf&amp;apos;
System info: host: &amp;apos;UJ&amp;apos;, ip: &amp;apos;192.168.0.91&amp;apos;, os.name: &amp;apos;Windows 11&amp;apos;, os.arch: &amp;apos;amd64&amp;apos;, os.version: &amp;apos;10.0&amp;apos;, java.version: &amp;apos;20.0.1&amp;apos;
Driver info: org.openqa.selenium.chrome.ChromeDriver
Command: [96778af1cba5d11fb9550e5cd37ad78d, maximizeCurrentWindow {}]
Capabilities {acceptInsecureCerts: false, browserName: chrome, browserVersion: 114.0.5735.199, chrome: {chromedriverVersion: 113.0.5672.63 (0e1a4471d5ae..., userDataDir: C:\Users\UMESHJ~1\AppData\L...}, goog:chromeOptions: {debuggerAddress: localhost:61702}, javascriptEnabled: true, networkConnectionEnabled: false, pageLoadStrategy: normal, platform: WINDOWS, platformName: WINDOWS, proxy: Proxy(), se:cdp: ws://localhost:61702/devtoo..., se:cdpVersion: 114.0.5735.199, setWindowRect: true, strictFileInteractability: false, timeouts: {implicit: 0, pageLoad: 300000, script: 30000}, unhandledPromptBehavior: dismiss and notify, webauthn:extension:credBlob: true, webauthn:extension:largeBlob: true, webauthn:extension:minPinLength: true, webauthn:extension:prf: true, webauthn:virtualAuthenticators: true}
Session ID: 96778af1cba5d11fb9550e5cd37ad78d">
      <![CDATA[org.openqa.selenium.NoSuchWindowException: no such window: target window already closed
from unknown error: web view not found
  (Session info: chrome=114.0.5735.199)
Build info: version: '4.1.1', revision: 'e8fcc2cecf'
System info: host: 'UJ', ip: '192.168.0.91', os.name: 'Windows 11', os.arch: 'amd64', os.version: '10.0', java.version: '20.0.1'
Driver info: org.openqa.selenium.chrome.ChromeDriver
Command: [96778af1cba5d11fb9550e5cd37ad78d, maximizeCurrentWindow {}]
Capabilities {acceptInsecureCerts: false, browserName: chrome, browserVersion: 114.0.5735.199, chrome: {chromedriverVersion: 113.0.5672.63 (0e1a4471d5ae..., userDataDir: C:\Users\UMESHJ~1\AppData\L...}, goog:chromeOptions: {debuggerAddress: localhost:61702}, javascriptEnabled: true, networkConnectionEnabled: false, pageLoadStrategy: normal, platform: WINDOWS, platformName: WINDOWS, proxy: Proxy(), se:cdp: ws://localhost:61702/devtoo..., se:cdpVersion: 114.0.5735.199, setWindowRect: true, strictFileInteractability: false, timeouts: {implicit: 0, pageLoad: 300000, script: 30000}, unhandledPromptBehavior: dismiss and notify, webauthn:extension:credBlob: true, webauthn:extension:largeBlob: true, webauthn:extension:minPinLength: true, webauthn:extension:prf: true, webauthn:virtualAuthenticators: true}
Session ID: 96778af1cba5d11fb9550e5cd37ad78d
at org.openqa.selenium.remote.codec.w3c.W3CHttpResponseCodec.createException(W3CHttpResponseCodec.java:200)
at org.openqa.selenium.remote.codec.w3c.W3CHttpResponseCodec.decode(W3CHttpResponseCodec.java:133)
at org.openqa.selenium.remote.codec.w3c.W3CHttpResponseCodec.decode(W3CHttpResponseCodec.java:53)
at org.openqa.selenium.remote.HttpCommandExecutor.execute(HttpCommandExecutor.java:184)
at org.openqa.selenium.remote.service.DriverCommandExecutor.invokeExecute(DriverCommandExecutor.java:167)
at org.openqa.selenium.remote.service.DriverCommandExecutor.execute(DriverCommandExecutor.java:142)
at org.openqa.selenium.remote.RemoteWebDriver.execute(RemoteWebDriver.java:543)
at org.openqa.selenium.remote.RemoteWebDriver.execute(RemoteWebDriver.java:598)
at org.openqa.selenium.remote.RemoteWebDriver.execute(RemoteWebDriver.java:602)
at org.openqa.selenium.remote.RemoteWebDriver$RemoteWebDriverOptions$RemoteWindow.maximize(RemoteWebDriver.java:969)
at com.pom.base.TestBase.postmanLaunch(TestBase.java:51)
at com.pom.ArbiterTestCases.BaseTest.methodLevelSetup(BaseTest.java:60)
... Removed 25 stack frames]]>
    </failure>
  </testcase> <!-- @BeforeTest methodLevelSetup -->
  <testcase classname="com.pom.ArbiterTestCases.BaseTest" name="@BeforeClass startTest" time="0.0">
    <skipped/>
  </testcase> <!-- @BeforeClass startTest -->
  <testcase classname="com.pom.ArbiterTestCases.BaseTest" name="@AfterClass endTest" time="0.0">
    <skipped/>
  </testcase> <!-- @AfterClass endTest -->
  <testcase classname="com.pom.ArbiterTestCases.chatousSanity" name="verifyContentRedirections" time="0.0">
    <skipped/>
  </testcase> <!-- verifyContentRedirections -->
  <testcase classname="com.pom.ArbiterTestCases.chatousSanity" name="verifyAnalyticsRedirections" time="0.0">
    <skipped/>
  </testcase> <!-- verifyAnalyticsRedirections -->
  <testcase classname="com.pom.ArbiterTestCases.chatousSanity" name="verifyModerationlogRedirections" time="0.0">
    <skipped/>
  </testcase> <!-- verifyModerationlogRedirections -->
  <testcase classname="com.pom.ArbiterTestCases.chatousSanity" name="verifyUserPageRedirections" time="0.0">
    <skipped/>
  </testcase> <!-- verifyUserPageRedirections -->
  <testcase classname="com.pom.ArbiterTestCases.chatousSanity" name="verifyThresholdPageRedirections" time="0.0">
    <skipped/>
  </testcase> <!-- verifyThresholdPageRedirections -->
  <testcase classname="com.pom.ArbiterTestCases.chatousSanity" name="verifyActionPageRedirections" time="0.0">
    <skipped/>
  </testcase> <!-- verifyActionPageRedirections -->
  <testcase classname="com.pom.ArbiterTestCases.chatousSanity" name="verifyRulesPageRedirections" time="0.0">
    <skipped/>
  </testcase> <!-- verifyRulesPageRedirections -->
  <testcase classname="com.pom.ArbiterTestCases.chatousSanity" name="verifyReviewFeedPageRedirections" time="0.0">
    <skipped/>
  </testcase> <!-- verifyReviewFeedPageRedirections -->
  <testcase classname="com.pom.ArbiterTestCases.chatousSanity" name="verifySpammanagerPageRedirections" time="0.0">
    <skipped/>
  </testcase> <!-- verifySpammanagerPageRedirections -->
</testsuite> <!-- Arbiter Cases -->
